\BOOKMARK [0][-]{section*.1}{\376\377\000S\000u\000m\000m\000a\000r\000y}{}% 1
\BOOKMARK [0][-]{section*.2}{\376\377\000P\000r\000e\000f\000a\000c\000e}{}% 2
\BOOKMARK [0][-]{section*.3}{\376\377\000T\000a\000b\000l\000e\000\040\000o\000f\000\040\000C\000o\000n\000t\000e\000n\000t\000s}{}% 3
\BOOKMARK [0][-]{section*.3}{\376\377\000T\000a\000b\000l\000e\000\040\000o\000f\000\040\000C\000o\000n\000t\000e\000n\000t\000s}{}% 4
\BOOKMARK [0][-]{section*.4}{\376\377\000L\000i\000s\000t\000\040\000o\000f\000\040\000T\000a\000b\000l\000e\000s}{}% 5
\BOOKMARK [0][-]{section*.4}{\376\377\000L\000i\000s\000t\000\040\000o\000f\000\040\000T\000a\000b\000l\000e\000s}{}% 6
\BOOKMARK [0][-]{section*.5}{\376\377\000L\000i\000s\000t\000\040\000o\000f\000\040\000F\000i\000g\000u\000r\000e\000s}{}% 7
\BOOKMARK [0][-]{section*.5}{\376\377\000L\000i\000s\000t\000\040\000o\000f\000\040\000F\000i\000g\000u\000r\000e\000s}{}% 8
\BOOKMARK [0][-]{section*.6}{\376\377\000A\000b\000b\000r\000e\000v\000i\000a\000t\000i\000o\000n\000s}{}% 9
\BOOKMARK [0][-]{chapter.1}{\376\377\000I\000n\000t\000r\000o\000d\000u\000c\000t\000i\000o\000n}{}% 10
\BOOKMARK [1][-]{section.1.1}{\376\377\000M\000o\000t\000i\000v\000a\000t\000i\000o\000n}{chapter.1}% 11
\BOOKMARK [1][-]{section.1.2}{\376\377\000P\000r\000o\000b\000l\000e\000m}{chapter.1}% 12
\BOOKMARK [1][-]{section.1.3}{\376\377\000C\000o\000n\000t\000r\000i\000b\000u\000t\000i\000o\000n\000s\000?}{chapter.1}% 13
\BOOKMARK [1][-]{section.1.4}{\376\377\000P\000r\000e\000v\000i\000o\000u\000s\000\040\000w\000o\000r\000k}{chapter.1}% 14
\BOOKMARK [1][-]{section.1.5}{\376\377\000O\000u\000t\000l\000i\000n\000e}{chapter.1}% 15
\BOOKMARK [0][-]{chapter.2}{\376\377\000T\000h\000e\000o\000r\000y}{}% 16
\BOOKMARK [0][-]{chapter.3}{\376\377\000C\000o\000l\000l\000i\000s\000i\000o\000n\000\040\000a\000v\000o\000i\000d\000a\000n\000c\000e}{}% 17
\BOOKMARK [0][-]{chapter.4}{\376\377\000S\000i\000m\000u\000l\000a\000t\000o\000r}{}% 18
\BOOKMARK [0][-]{chapter.5}{\376\377\000R\000e\000s\000u\000l\000t\000s\000\040\000f\000r\000o\000m\000\040\000s\000i\000m\000u\000l\000a\000t\000o\000r}{}% 19
\BOOKMARK [0][-]{chapter.6}{\376\377\000C\000o\000n\000c\000l\000u\000s\000i\000o\000n}{}% 20
\BOOKMARK [0][-]{chapter.6}{\376\377\000B\000i\000b\000l\000i\000o\000g\000r\000a\000p\000h\000y}{}% 21
\BOOKMARK [0][-]{section*.7}{\376\377\000A\000p\000p\000e\000n\000d\000i\000x}{}% 22
